/__w/ikarus/ikarus/repo/ikarus/io/resultfunction.hh:54: error: Missing argument of '\relates' command
/__w/ikarus/ikarus/repo/ikarus/assembler/assemblermanipulatorbuildingblocks.hh:5: error: the name 'assemblerwrappers.hh' supplied as the argument in the \file statement is not an input file
/__w/ikarus/ikarus/repo/ikarus/python/assembler/flatassemblermanipulator.hh:5: error: the name 'flatassemblerwrappers.hh' supplied as the argument in the \file statement is not an input file
/__w/ikarus/ikarus/repo/ikarus/finiteelements/febase.hh:80: error: no matching class member found for 
  FEInit< PreFE, FE >
Possible candidates:
  'Ikarus::Impl::FEInit< PreFE, FE >::FEInit(const BasisHandler &basisHandler)' at line 55 of file /__w/ikarus/ikarus/repo/ikarus/finiteelements/febase.hh

/__w/ikarus/ikarus/repo/ikarus/utils/observer/observer.hh:232: error: no matching class member found for 
  template < MT >
  void Ikarus::IObservable< MT >::subscribeAll(std::shared_ptr< Ikarus::IObserver< MT > > observer)
Possible candidates:
  'void Ikarus::IObservable< MessageType >::subscribeAll(std::shared_ptr< IObserver< MessageType > > observer)' at line 146 of file /__w/ikarus/ikarus/repo/ikarus/utils/observer/observer.hh
  'void Ikarus::IObservable< MessageType >::subscribeAll(std::initializer_list< std::shared_ptr< IObserver< MessageType > > > observers)' at line 151 of file /__w/ikarus/ikarus/repo/ikarus/utils/observer/observer.hh

/__w/ikarus/ikarus/repo/ikarus/utils/observer/observer.hh:238: error: no matching class member found for 
  template < MT >
  void Ikarus::IObservable< MT >::subscribeAll(std::initializer_list< std::shared_ptr< Ikarus::IObserver< MT > > > observers)
Possible candidates:
  'void Ikarus::IObservable< MessageType >::subscribeAll(std::shared_ptr< IObserver< MessageType > > observer)' at line 146 of file /__w/ikarus/ikarus/repo/ikarus/utils/observer/observer.hh
  'void Ikarus::IObservable< MessageType >::subscribeAll(std::initializer_list< std::shared_ptr< IObserver< MessageType > > > observers)' at line 151 of file /__w/ikarus/ikarus/repo/ikarus/utils/observer/observer.hh

/__w/ikarus/ikarus/repo/ikarus/finiteelements/feresulttypes.hh:103: error: argument 'MaxColsExprexpression' of command @param is not found in the argument list of REGISTER_RESERVED_RESULTTYPE(resultTypeName, rowsExpr, colsExpr, MaxRowsExpr, MaxColsExpr)
/__w/ikarus/ikarus/repo/ikarus/finiteelements/feresulttypes.hh:103: error: The following parameter of REGISTER_RESERVED_RESULTTYPE(resultTypeName, rowsExpr, colsExpr, MaxRowsExpr, MaxColsExpr) is not documented:
  parameter 'MaxColsExpr'
<addMaterialsSubModule>:1: error: argument 'from' of command @param is not found in the argument list of addMaterialsSubModule(pybind11::module &m)
<addMaterialsSubModule>:1: error: argument 'to' of command @param is not found in the argument list of addMaterialsSubModule(pybind11::module &m)
<addMaterialsSubModule>:1: error: argument 'E' of command @param is not found in the argument list of addMaterialsSubModule(pybind11::module &m)
<addMaterialsSubModule>:1: error: The following parameter of addMaterialsSubModule(pybind11::module &m) is not documented:
  parameter 'm'
<addMaterialsSubModule>:1: error: found documented return type for addMaterialsSubModule that does not return anything
<addBindingsToUtils>:1: error: found documented return type for addBindingsToUtils that does not return anything
/__w/ikarus/ikarus/repo/ikarus/utils/tensorutils.hh:54: error: argument 'a_i' of command @param is not found in the argument list of Ikarus::dyadic(const Eigen::Vector< ST, size > &a, const Eigen::Vector< ST, size > &b)
/__w/ikarus/ikarus/repo/ikarus/utils/tensorutils.hh:54: error: argument 'b_j' of command @param is not found in the argument list of Ikarus::dyadic(const Eigen::Vector< ST, size > &a, const Eigen::Vector< ST, size > &b)
/__w/ikarus/ikarus/repo/ikarus/utils/tensorutils.hh:54: error: The following parameters of Ikarus::dyadic(const Eigen::Vector< ST, size > &a, const Eigen::Vector< ST, size > &b) are not documented:
  parameter 'a'
  parameter 'b'
/__w/ikarus/ikarus/repo/ikarus/linearalgebra/truncatedconjugategradient.hh:231: error: argument '_alginfo' of command @param is not found in the argument list of Eigen::TruncatedConjugateGradient< M, upLo, PC >::setInfo(TCGInfo< typename MatrixType::RealScalar > alginfo)
/__w/ikarus/ikarus/repo/ikarus/linearalgebra/truncatedconjugategradient.hh:231: error: The following parameter of Eigen::TruncatedConjugateGradient::setInfo(TCGInfo< typename MatrixType::RealScalar > alginfo) is not documented:
  parameter 'alginfo'
/__w/ikarus/ikarus/repo/ikarus/io/resultfunction.hh:168: error: argument 'assembler' from the argument list of Ikarus::makeResultFunction has multiple @param documentation sections
/__w/ikarus/ikarus/repo/ikarus/finiteelements/ferequirements.hh:118: error: argument 'affordance' of command @param is not found in the argument list of Ikarus::AffordanceCollection< Affordances >::hasAffordance(Affordance &&affordances) const
/__w/ikarus/ikarus/repo/ikarus/finiteelements/ferequirements.hh:118: error: The following parameter of Ikarus::AffordanceCollection::hasAffordance(Affordance &&affordances) const is not documented:
  parameter 'affordances'
/__w/ikarus/ikarus/repo/ikarus/utils/observer/controlvtkwriter.hh:69: error: argument 'p_name' of command @param is not found in the argument list of Ikarus::ControlSubsamplingVertexVTKWriter< B >::setFileNamePrefix(std::string &&name)
/__w/ikarus/ikarus/repo/ikarus/utils/observer/controlvtkwriter.hh:69: error: The following parameter of Ikarus::ControlSubsamplingVertexVTKWriter::setFileNamePrefix(std::string &&name) is not documented:
  parameter 'name'
/__w/ikarus/ikarus/repo/ikarus/assembler/interface.hh:132: error: The following parameter of Ikarus::FlatAssemblerBase::bind(const FERequirement &req, AffordanceCollectionType affordanceCollection, DBCOption dbcOption=DBCOption::Full) is not documented:
  parameter 'dbcOption'
/__w/ikarus/ikarus/repo/ikarus/finiteelements/mixin.hh:232: error: The following parameter of Ikarus::FEMixin< PreFE, Skills... >::calculateMatrixImpl(const Requirement &par, MatrixAffordance affordance, typename Traits::template MatrixType< ScalarType > K, const std::optional< std::reference_wrapper< const Eigen::VectorX< ScalarType > > > &dx=std::nullopt) const is not documented:
  parameter 'affordance'
/__w/ikarus/ikarus/repo/ikarus/finiteelements/mixin.hh:176: error: The following parameter of Ikarus::FEMixin< PreFE, Skills... >::calculateScalarImpl(const Requirement &par, ScalarAffordance affordance, const std::optional< std::reference_wrapper< const Eigen::VectorX< ScalarType > > > &dx=std::nullopt) const is not documented:
  parameter 'affordance'
/__w/ikarus/ikarus/repo/ikarus/finiteelements/mixin.hh:204: error: The following parameter of Ikarus::FEMixin< PreFE, Skills... >::calculateVectorImpl(const Requirement &par, VectorAffordance affordance, typename Traits::template VectorType< ScalarType > force, const std::optional< std::reference_wrapper< const Eigen::VectorX< ScalarType > > > &dx=std::nullopt) const is not documented:
  parameter 'affordance'
/__w/ikarus/ikarus/repo/ikarus/finiteelements/mixin.hh:232: error: The following parameter of Ikarus::FEMixin::calculateMatrixImpl(const Requirement &par, MatrixAffordance affordance, typename Traits::template MatrixType< ScalarType > K, const std::optional< std::reference_wrapper< const Eigen::VectorX< ScalarType > > > &dx=std::nullopt) const is not documented:
  parameter 'affordance'
/__w/ikarus/ikarus/repo/ikarus/finiteelements/mixin.hh:176: error: The following parameter of Ikarus::FEMixin::calculateScalarImpl(const Requirement &par, ScalarAffordance affordance, const std::optional< std::reference_wrapper< const Eigen::VectorX< ScalarType > > > &dx=std::nullopt) const is not documented:
  parameter 'affordance'
/__w/ikarus/ikarus/repo/ikarus/finiteelements/mixin.hh:204: error: The following parameter of Ikarus::FEMixin::calculateVectorImpl(const Requirement &par, VectorAffordance affordance, typename Traits::template VectorType< ScalarType > force, const std::optional< std::reference_wrapper< const Eigen::VectorX< ScalarType > > > &dx=std::nullopt) const is not documented:
  parameter 'affordance'
/__w/ikarus/ikarus/repo/ikarus/assembler/interface.hh:132: error: The following parameter of Ikarus::FlatAssemblerBase::bind(const FERequirement &req, AffordanceCollectionType affordanceCollection, DBCOption dbcOption=DBCOption::Full) is not documented:
  parameter 'dbcOption'
/__w/ikarus/ikarus/repo/ikarus/utils/observer/genericobserver.hh:36: error: argument 'p_message' of command @param is not found in the argument list of Ikarus::GenericObserver< M >::GenericObserver(Messages message, F &&f)
/__w/ikarus/ikarus/repo/ikarus/utils/observer/genericobserver.hh:36: error: argument 'p_f' of command @param is not found in the argument list of Ikarus::GenericObserver< M >::GenericObserver(Messages message, F &&f)
/__w/ikarus/ikarus/repo/ikarus/utils/observer/genericobserver.hh:36: error: The following parameters of Ikarus::GenericObserver::GenericObserver(Messages message, F &&f) are not documented:
  parameter 'message'
  parameter 'f'
/__w/ikarus/ikarus/repo/ikarus/solver/nonlinearsolver/newtonraphsonwithscalarsubsidiaryfunction.hh:135: error: argument 'p_settings' of command @param is not found in the argument list of Ikarus::NewtonRaphsonWithSubsidiaryFunction< NLO, LS, UF >::setup(const Settings &settings)
/__w/ikarus/ikarus/repo/ikarus/solver/nonlinearsolver/newtonraphsonwithscalarsubsidiaryfunction.hh:135: error: The following parameter of Ikarus::NewtonRaphsonWithSubsidiaryFunction::setup(const Settings &settings) is not documented:
  parameter 'settings'
/__w/ikarus/ikarus/repo/ikarus/finiteelements/mechanics/nonlinearelastic.hh:243: error: The following parameters of Ikarus::NonLinearElastic::calculateMatrixImpl(const Requirement &par, const MatrixAffordance &affordance, typename Traits::template MatrixType<> K, const std::optional< std::reference_wrapper< const Eigen::VectorX< ScalarType > > > &dx=std::nullopt) const are not documented:
  parameter 'affordance'
  parameter 'dx'
/__w/ikarus/ikarus/repo/ikarus/assembler/interface.hh:132: error: The following parameter of Ikarus::FlatAssemblerBase::bind(const FERequirement &req, AffordanceCollectionType affordanceCollection, DBCOption dbcOption=DBCOption::Full) is not documented:
  parameter 'dbcOption'
/__w/ikarus/ikarus/repo/ikarus/assembler/interface.hh:132: error: The following parameter of Ikarus::FlatAssemblerBase::bind(const FERequirement &req, AffordanceCollectionType affordanceCollection, DBCOption dbcOption=DBCOption::Full) is not documented:
  parameter 'dbcOption'
/__w/ikarus/ikarus/repo/ikarus/solver/nonlinearsolver/trustregion.hh:201: error: argument 'p_settings' of command @param is not found in the argument list of Ikarus::TrustRegion< NLO, preConditioner, UF >::setup(const Settings &settings)
/__w/ikarus/ikarus/repo/ikarus/solver/nonlinearsolver/trustregion.hh:201: error: The following parameter of Ikarus::TrustRegion::setup(const Settings &settings) is not documented:
  parameter 'settings'
/__w/ikarus/ikarus/repo/ikarus/assembler/interface.hh:132: error: The following parameter of Ikarus::FlatAssemblerBase::bind(const FERequirement &req, AffordanceCollectionType affordanceCollection, DBCOption dbcOption=DBCOption::Full) is not documented:
  parameter 'dbcOption'
/__w/ikarus/ikarus/repo/ikarus/finiteelements/mechanics/materials/vanishingstress.hh:262: error: argument 'p_tol' of command @param is not found in the argument list of Ikarus::Materials::beamMaterial(const MaterialImpl &mat, typename MaterialImpl::ScalarType tol=1e-8)
/__w/ikarus/ikarus/repo/ikarus/finiteelements/mechanics/materials/vanishingstress.hh:262: error: The following parameter of Ikarus::Materials::beamMaterial(const MaterialImpl &mat, typename MaterialImpl::ScalarType tol=1e-8) is not documented:
  parameter 'tol'
/__w/ikarus/ikarus/repo/ikarus/finiteelements/mechanics/materials/vanishingstrain.hh:173: error: argument 'p_tol' of command @param is not found in the argument list of Ikarus::Materials::makeVanishingStrain(MaterialImpl mat)
/__w/ikarus/ikarus/repo/ikarus/finiteelements/mechanics/materials/hyperelastic/deviatoric/interface.hh:71: error: argument 'lambdas' of command @param is not found in the argument list of Ikarus::Materials::Deviatoric< DF >::storedEnergy(const PrincipalStretches< ST > &lambda) const
/__w/ikarus/ikarus/repo/ikarus/finiteelements/mechanics/materials/hyperelastic/deviatoric/interface.hh:71: error: The following parameter of Ikarus::Materials::Deviatoric::storedEnergy(const PrincipalStretches< ST > &lambda) const is not documented:
  parameter 'lambda'
/__w/ikarus/ikarus/repo/ikarus/finiteelements/mechanics/materials/interface.hh:119: error: Found unknown command '\dfrac'
/__w/ikarus/ikarus/repo/ikarus/finiteelements/mechanics/materials/interface.hh:119: error: Found unknown command '\partial'
/__w/ikarus/ikarus/repo/ikarus/finiteelements/mechanics/materials/interface.hh:119: error: Found unknown command '\psi'
/__w/ikarus/ikarus/repo/ikarus/finiteelements/mechanics/materials/interface.hh:119: error: Found unknown command '\partial'
/__w/ikarus/ikarus/repo/ikarus/finiteelements/mechanics/materials/interface.hh:119: error: Found unknown command '\dfrac'
/__w/ikarus/ikarus/repo/ikarus/finiteelements/mechanics/materials/interface.hh:119: error: Found unknown command '\partial'
/__w/ikarus/ikarus/repo/ikarus/finiteelements/mechanics/materials/interface.hh:119: error: Found unknown command '\psi'
/__w/ikarus/ikarus/repo/ikarus/finiteelements/mechanics/materials/interface.hh:119: error: Found unknown command '\partial'
/__w/ikarus/ikarus/repo/ikarus/finiteelements/mechanics/materials/interface.hh:119: error: Found unknown command '\dfrac'
/__w/ikarus/ikarus/repo/ikarus/finiteelements/mechanics/materials/interface.hh:119: error: Found unknown command '\partial'
/__w/ikarus/ikarus/repo/ikarus/finiteelements/mechanics/materials/interface.hh:119: error: Found unknown command '\psi'
/__w/ikarus/ikarus/repo/ikarus/finiteelements/mechanics/materials/interface.hh:119: error: Found unknown command '\partial'
/__w/ikarus/ikarus/repo/ikarus/finiteelements/mechanics/materials/interface.hh:119: error: Found unknown command '\dfrac'
/__w/ikarus/ikarus/repo/ikarus/finiteelements/mechanics/materials/interface.hh:119: error: Found unknown command '\partial'
/__w/ikarus/ikarus/repo/ikarus/finiteelements/mechanics/materials/interface.hh:119: error: Found unknown command '\psi'
/__w/ikarus/ikarus/repo/ikarus/finiteelements/mechanics/materials/interface.hh:119: error: Found unknown command '\partial'
/__w/ikarus/ikarus/repo/ikarus/finiteelements/mechanics/materials/svk.hh:141: error: argument 'E' of command @param is not found in the argument list of Ikarus::Materials::StVenantKirchhoffT< ST >::tangentModuliImpl(const Eigen::MatrixBase< Derived > &) const
/__w/ikarus/ikarus/repo/ikarus/finiteelements/mechanics/materials/interface.hh:119: error: Found unknown command '\dfrac'
/__w/ikarus/ikarus/repo/ikarus/finiteelements/mechanics/materials/interface.hh:119: error: Found unknown command '\partial'
/__w/ikarus/ikarus/repo/ikarus/finiteelements/mechanics/materials/interface.hh:119: error: Found unknown command '\psi'
/__w/ikarus/ikarus/repo/ikarus/finiteelements/mechanics/materials/interface.hh:119: error: Found unknown command '\partial'
/__w/ikarus/ikarus/repo/ikarus/finiteelements/mechanics/materials/vanishingstrain.hh:75: error: argument 'Eraw' of command @param is not found in the argument list of Ikarus::Materials::VanishingStrain< strainIndexPair, MI >::storedEnergyImpl(const Eigen::MatrixBase< Derived > &E) const
/__w/ikarus/ikarus/repo/ikarus/finiteelements/mechanics/materials/vanishingstrain.hh:75: error: The following parameter of Ikarus::Materials::VanishingStrain::storedEnergyImpl(const Eigen::MatrixBase< Derived > &E) const is not documented:
  parameter 'E'
/__w/ikarus/ikarus/repo/ikarus/finiteelements/mechanics/materials/vanishingstrain.hh:87: error: argument 'Eraw' of command @param is not found in the argument list of Ikarus::Materials::VanishingStrain< strainIndexPair, MI >::stressesImpl(const Eigen::MatrixBase< Derived > &E) const
/__w/ikarus/ikarus/repo/ikarus/finiteelements/mechanics/materials/vanishingstrain.hh:87: error: The following parameter of Ikarus::Materials::VanishingStrain::stressesImpl(const Eigen::MatrixBase< Derived > &E) const is not documented:
  parameter 'E'
/__w/ikarus/ikarus/repo/ikarus/finiteelements/mechanics/materials/interface.hh:119: error: Found unknown command '\dfrac'
/__w/ikarus/ikarus/repo/ikarus/finiteelements/mechanics/materials/interface.hh:119: error: Found unknown command '\partial'
/__w/ikarus/ikarus/repo/ikarus/finiteelements/mechanics/materials/interface.hh:119: error: Found unknown command '\psi'
/__w/ikarus/ikarus/repo/ikarus/finiteelements/mechanics/materials/interface.hh:119: error: Found unknown command '\partial'
/__w/ikarus/ikarus/repo/ikarus/finiteelements/mechanics/materials/interface.hh:119: error: Found unknown command '\dfrac'
/__w/ikarus/ikarus/repo/ikarus/finiteelements/mechanics/materials/interface.hh:119: error: Found unknown command '\partial'
/__w/ikarus/ikarus/repo/ikarus/finiteelements/mechanics/materials/interface.hh:119: error: Found unknown command '\psi'
/__w/ikarus/ikarus/repo/ikarus/finiteelements/mechanics/materials/interface.hh:119: error: Found unknown command '\partial'
/__w/ikarus/ikarus/repo/ikarus/python/finiteelements/fe.hh:26: error: argument 'restultTypesTuple' of command @param is not found in the argument list of Ikarus::Python::registerCalculateAt(pybind11::handle scope, pybind11::class_< FE, options... > cls, auto resultTypesTuple)
/__w/ikarus/ikarus/repo/ikarus/python/finiteelements/fe.hh:26: error: argument 'feRequirements' of command @param is not found in the argument list of Ikarus::Python::registerCalculateAt(pybind11::handle scope, pybind11::class_< FE, options... > cls, auto resultTypesTuple)
/__w/ikarus/ikarus/repo/ikarus/python/finiteelements/fe.hh:26: error: argument 'local' of command @param is not found in the argument list of Ikarus::Python::registerCalculateAt(pybind11::handle scope, pybind11::class_< FE, options... > cls, auto resultTypesTuple)
/__w/ikarus/ikarus/repo/ikarus/python/finiteelements/fe.hh:26: error: argument 'resultType' of command @param is not found in the argument list of Ikarus::Python::registerCalculateAt(pybind11::handle scope, pybind11::class_< FE, options... > cls, auto resultTypesTuple)
/__w/ikarus/ikarus/repo/ikarus/python/finiteelements/fe.hh:26: error: The following parameter of Ikarus::Python::registerCalculateAt(pybind11::handle scope, pybind11::class_< FE, options... > cls, auto resultTypesTuple) is not documented:
  parameter 'resultTypesTuple'
/__w/ikarus/ikarus/repo/ikarus/python/finiteelements/fe.hh:26: error: found documented return type for Ikarus::Python::registerCalculateAt that does not return anything
/__w/ikarus/ikarus/repo/ikarus/io/resultevaluators.hh:69: error: The following parameters of Ikarus::ResultEvaluators::HydrostaticStress::operator()(const R &resultArray, const auto &pos, const auto &fe, const int comp) const are not documented:
  parameter 'pos'
  parameter 'fe'
/__w/ikarus/ikarus/repo/ikarus/io/resultevaluators.hh:178: error: The following parameters of Ikarus::ResultEvaluators::PolarStress::operator()(const R &resultArray, const auto &pos, const auto &fe, const int comp) const are not documented:
  parameter 'pos'
  parameter 'fe'
/__w/ikarus/ikarus/repo/ikarus/io/resultevaluators.hh:98: error: Found unknown command '\sigma_1'
/__w/ikarus/ikarus/repo/ikarus/io/resultevaluators.hh:98: error: Found unknown command '\sigma_2'
/__w/ikarus/ikarus/repo/ikarus/io/resultevaluators.hh:107: error: The following parameters of Ikarus::ResultEvaluators::PrincipalStress::operator()(const auto &resultArray, const auto &pos, const auto &fe, const int comp) const are not documented:
  parameter 'pos'
  parameter 'fe'
/__w/ikarus/ikarus/repo/ikarus/io/resultevaluators.hh:141: error: The following parameters of Ikarus::ResultEvaluators::Triaxiality::operator()(const R &resultArray, const auto &pos, const auto &fe, const int comp) const are not documented:
  parameter 'pos'
  parameter 'fe'
/__w/ikarus/ikarus/repo/ikarus/io/resultevaluators.hh:32: error: The following parameters of Ikarus::ResultEvaluators::VonMises::operator()(const R &resultArray, const auto &pos, const auto &fe, const int comp) const are not documented:
  parameter 'pos'
  parameter 'fe'
/__w/ikarus/ikarus/repo/ikarus/io/vtkwriter.hh:134: error: The following parameter of Ikarus::Vtk::Writer::addResult(DataTag dataTag=DataTag::asPointData, UserFunction &&userFunction={}) is not documented:
  parameter 'userFunction'
/__w/ikarus/ikarus/repo/ikarus/finiteelements/ferequirements.hh:118: error: argument 'affordance' of command @param is not found in the argument list of Ikarus::AffordanceCollection< Affordances >::hasAffordance(Affordance &&affordances) const
/__w/ikarus/ikarus/repo/ikarus/finiteelements/ferequirements.hh:118: error: The following parameter of Ikarus::AffordanceCollection::hasAffordance(Affordance &&affordances) const is not documented:
  parameter 'affordances'
/__w/ikarus/ikarus/repo/ikarus/utils/observer/controlvtkwriter.hh:69: error: argument 'p_name' of command @param is not found in the argument list of Ikarus::ControlSubsamplingVertexVTKWriter< B >::setFileNamePrefix(std::string &&name)
/__w/ikarus/ikarus/repo/ikarus/utils/observer/controlvtkwriter.hh:69: error: The following parameter of Ikarus::ControlSubsamplingVertexVTKWriter::setFileNamePrefix(std::string &&name) is not documented:
  parameter 'name'
/__w/ikarus/ikarus/repo/ikarus/assembler/interface.hh:132: error: The following parameter of Ikarus::FlatAssemblerBase::bind(const FERequirement &req, AffordanceCollectionType affordanceCollection, DBCOption dbcOption=DBCOption::Full) is not documented:
  parameter 'dbcOption'
/__w/ikarus/ikarus/repo/ikarus/finiteelements/mechanics/materials/hyperelastic/deviatoric/interface.hh:71: error: argument 'lambdas' of command @param is not found in the argument list of Ikarus::Materials::Deviatoric< DF >::storedEnergy(const PrincipalStretches< ST > &lambda) const
/__w/ikarus/ikarus/repo/ikarus/finiteelements/mechanics/materials/hyperelastic/deviatoric/interface.hh:71: error: The following parameter of Ikarus::Materials::Deviatoric::storedEnergy(const PrincipalStretches< ST > &lambda) const is not documented:
  parameter 'lambda'
/__w/ikarus/ikarus/repo/ikarus/finiteelements/mixin.hh:176: error: The following parameter of Ikarus::FEMixin< PreFE, Skills... >::calculateScalarImpl(const Requirement &par, ScalarAffordance affordance, const std::optional< std::reference_wrapper< const Eigen::VectorX< ScalarType > > > &dx=std::nullopt) const is not documented:
  parameter 'affordance'
/__w/ikarus/ikarus/repo/ikarus/finiteelements/mixin.hh:204: error: The following parameter of Ikarus::FEMixin< PreFE, Skills... >::calculateVectorImpl(const Requirement &par, VectorAffordance affordance, typename Traits::template VectorType< ScalarType > force, const std::optional< std::reference_wrapper< const Eigen::VectorX< ScalarType > > > &dx=std::nullopt) const is not documented:
  parameter 'affordance'
/__w/ikarus/ikarus/repo/ikarus/finiteelements/mixin.hh:232: error: The following parameter of Ikarus::FEMixin< PreFE, Skills... >::calculateMatrixImpl(const Requirement &par, MatrixAffordance affordance, typename Traits::template MatrixType< ScalarType > K, const std::optional< std::reference_wrapper< const Eigen::VectorX< ScalarType > > > &dx=std::nullopt) const is not documented:
  parameter 'affordance'
/__w/ikarus/ikarus/repo/ikarus/finiteelements/mixin.hh:176: error: The following parameter of Ikarus::FEMixin::calculateScalarImpl(const Requirement &par, ScalarAffordance affordance, const std::optional< std::reference_wrapper< const Eigen::VectorX< ScalarType > > > &dx=std::nullopt) const is not documented:
  parameter 'affordance'
/__w/ikarus/ikarus/repo/ikarus/finiteelements/mixin.hh:204: error: The following parameter of Ikarus::FEMixin::calculateVectorImpl(const Requirement &par, VectorAffordance affordance, typename Traits::template VectorType< ScalarType > force, const std::optional< std::reference_wrapper< const Eigen::VectorX< ScalarType > > > &dx=std::nullopt) const is not documented:
  parameter 'affordance'
/__w/ikarus/ikarus/repo/ikarus/finiteelements/mixin.hh:232: error: The following parameter of Ikarus::FEMixin::calculateMatrixImpl(const Requirement &par, MatrixAffordance affordance, typename Traits::template MatrixType< ScalarType > K, const std::optional< std::reference_wrapper< const Eigen::VectorX< ScalarType > > > &dx=std::nullopt) const is not documented:
  parameter 'affordance'
/__w/ikarus/ikarus/repo/ikarus/finiteelements/mixin.hh:103: error: The following parameters of Ikarus::FEMixin::calculateScalar(const FEMixin &self, const Requirement &req, ScalarAffordance affordance) are not documented:
  parameter 'self'
  parameter 'affordance'
/__w/ikarus/ikarus/repo/ikarus/finiteelements/mixin.hh:114: error: The following parameters of Ikarus::FEMixin::calculateVector(const FEMixin &self, const Requirement &req, VectorAffordance affordance, typename Traits::template VectorType<> force) are not documented:
  parameter 'self'
  parameter 'affordance'
/__w/ikarus/ikarus/repo/ikarus/finiteelements/mixin.hh:126: error: The following parameters of Ikarus::FEMixin::calculateMatrix(const FEMixin &self, const Requirement &req, MatrixAffordance affordance, typename Traits::template MatrixType<> K) are not documented:
  parameter 'self'
  parameter 'affordance'
/__w/ikarus/ikarus/repo/ikarus/assembler/interface.hh:132: error: The following parameter of Ikarus::FlatAssemblerBase::bind(const FERequirement &req, AffordanceCollectionType affordanceCollection, DBCOption dbcOption=DBCOption::Full) is not documented:
  parameter 'dbcOption'
/__w/ikarus/ikarus/repo/ikarus/utils/observer/genericobserver.hh:36: error: argument 'p_message' of command @param is not found in the argument list of Ikarus::GenericObserver< M >::GenericObserver(Messages message, F &&f)
/__w/ikarus/ikarus/repo/ikarus/utils/observer/genericobserver.hh:36: error: argument 'p_f' of command @param is not found in the argument list of Ikarus::GenericObserver< M >::GenericObserver(Messages message, F &&f)
/__w/ikarus/ikarus/repo/ikarus/utils/observer/genericobserver.hh:36: error: The following parameters of Ikarus::GenericObserver::GenericObserver(Messages message, F &&f) are not documented:
  parameter 'message'
  parameter 'f'
/__w/ikarus/ikarus/repo/ikarus/io/resultevaluators.hh:69: error: The following parameters of Ikarus::ResultEvaluators::HydrostaticStress::operator()(const R &resultArray, const auto &pos, const auto &fe, const int comp) const are not documented:
  parameter 'pos'
  parameter 'fe'
/__w/ikarus/ikarus/repo/ikarus/finiteelements/mechanics/materials/interface.hh:119: error: Found unknown command '\dfrac'
/__w/ikarus/ikarus/repo/ikarus/finiteelements/mechanics/materials/interface.hh:119: error: Found unknown command '\partial'
/__w/ikarus/ikarus/repo/ikarus/finiteelements/mechanics/materials/interface.hh:119: error: Found unknown command '\psi'
/__w/ikarus/ikarus/repo/ikarus/finiteelements/mechanics/materials/interface.hh:119: error: Found unknown command '\partial'
/__w/ikarus/ikarus/repo/ikarus/finiteelements/mechanics/materials/interface.hh:119: error: Found unknown command '\dfrac'
/__w/ikarus/ikarus/repo/ikarus/finiteelements/mechanics/materials/interface.hh:119: error: Found unknown command '\partial'
/__w/ikarus/ikarus/repo/ikarus/finiteelements/mechanics/materials/interface.hh:119: error: Found unknown command '\psi'
/__w/ikarus/ikarus/repo/ikarus/finiteelements/mechanics/materials/interface.hh:119: error: Found unknown command '\partial'
/__w/ikarus/ikarus/repo/ikarus/finiteelements/mechanics/materials/interface.hh:119: error: Found unknown command '\dfrac'
/__w/ikarus/ikarus/repo/ikarus/finiteelements/mechanics/materials/interface.hh:119: error: Found unknown command '\partial'
/__w/ikarus/ikarus/repo/ikarus/finiteelements/mechanics/materials/interface.hh:119: error: Found unknown command '\psi'
/__w/ikarus/ikarus/repo/ikarus/finiteelements/mechanics/materials/interface.hh:119: error: Found unknown command '\partial'
/__w/ikarus/ikarus/repo/ikarus/finiteelements/mechanics/materials/interface.hh:119: error: Found unknown command '\dfrac'
/__w/ikarus/ikarus/repo/ikarus/finiteelements/mechanics/materials/interface.hh:119: error: Found unknown command '\partial'
/__w/ikarus/ikarus/repo/ikarus/finiteelements/mechanics/materials/interface.hh:119: error: Found unknown command '\psi'
/__w/ikarus/ikarus/repo/ikarus/finiteelements/mechanics/materials/interface.hh:119: error: Found unknown command '\partial'
/__w/ikarus/ikarus/repo/ikarus/solver/nonlinearsolver/newtonraphsonwithscalarsubsidiaryfunction.hh:135: error: argument 'p_settings' of command @param is not found in the argument list of Ikarus::NewtonRaphsonWithSubsidiaryFunction< NLO, LS, UF >::setup(const Settings &settings)
/__w/ikarus/ikarus/repo/ikarus/solver/nonlinearsolver/newtonraphsonwithscalarsubsidiaryfunction.hh:135: error: The following parameter of Ikarus::NewtonRaphsonWithSubsidiaryFunction::setup(const Settings &settings) is not documented:
  parameter 'settings'
/__w/ikarus/ikarus/repo/ikarus/finiteelements/mechanics/nonlinearelastic.hh:243: error: The following parameters of Ikarus::NonLinearElastic::calculateMatrixImpl(const Requirement &par, const MatrixAffordance &affordance, typename Traits::template MatrixType<> K, const std::optional< std::reference_wrapper< const Eigen::VectorX< ScalarType > > > &dx=std::nullopt) const are not documented:
  parameter 'affordance'
  parameter 'dx'
/__w/ikarus/ikarus/repo/ikarus/io/resultevaluators.hh:178: error: The following parameters of Ikarus::ResultEvaluators::PolarStress::operator()(const R &resultArray, const auto &pos, const auto &fe, const int comp) const are not documented:
  parameter 'pos'
  parameter 'fe'
/__w/ikarus/ikarus/repo/ikarus/io/resultevaluators.hh:107: error: The following parameters of Ikarus::ResultEvaluators::PrincipalStress::operator()(const auto &resultArray, const auto &pos, const auto &fe, const int comp) const are not documented:
  parameter 'pos'
  parameter 'fe'
/__w/ikarus/ikarus/repo/ikarus/io/resultevaluators.hh:98: error: Found unknown command '\sigma_1'
/__w/ikarus/ikarus/repo/ikarus/io/resultevaluators.hh:98: error: Found unknown command '\sigma_2'
/__w/ikarus/ikarus/repo/ikarus/assembler/interface.hh:132: error: The following parameter of Ikarus::FlatAssemblerBase::bind(const FERequirement &req, AffordanceCollectionType affordanceCollection, DBCOption dbcOption=DBCOption::Full) is not documented:
  parameter 'dbcOption'
/__w/ikarus/ikarus/repo/ikarus/assembler/interface.hh:132: error: The following parameter of Ikarus::FlatAssemblerBase::bind(const FERequirement &req, AffordanceCollectionType affordanceCollection, DBCOption dbcOption=DBCOption::Full) is not documented:
  parameter 'dbcOption'
/__w/ikarus/ikarus/repo/ikarus/finiteelements/mechanics/materials/interface.hh:119: error: Found unknown command '\dfrac'
/__w/ikarus/ikarus/repo/ikarus/finiteelements/mechanics/materials/interface.hh:119: error: Found unknown command '\partial'
/__w/ikarus/ikarus/repo/ikarus/finiteelements/mechanics/materials/interface.hh:119: error: Found unknown command '\psi'
/__w/ikarus/ikarus/repo/ikarus/finiteelements/mechanics/materials/interface.hh:119: error: Found unknown command '\partial'
/__w/ikarus/ikarus/repo/ikarus/finiteelements/mechanics/materials/svk.hh:141: error: argument 'E' of command @param is not found in the argument list of Ikarus::Materials::StVenantKirchhoffT< ST >::tangentModuliImpl(const Eigen::MatrixBase< Derived > &) const
/__w/ikarus/ikarus/repo/ikarus/io/resultevaluators.hh:141: error: The following parameters of Ikarus::ResultEvaluators::Triaxiality::operator()(const R &resultArray, const auto &pos, const auto &fe, const int comp) const are not documented:
  parameter 'pos'
  parameter 'fe'
/__w/ikarus/ikarus/repo/ikarus/linearalgebra/truncatedconjugategradient.hh:231: error: argument '_alginfo' of command @param is not found in the argument list of Eigen::TruncatedConjugateGradient< M, upLo, PC >::setInfo(TCGInfo< typename MatrixType::RealScalar > alginfo)
/__w/ikarus/ikarus/repo/ikarus/linearalgebra/truncatedconjugategradient.hh:231: error: The following parameter of Eigen::TruncatedConjugateGradient::setInfo(TCGInfo< typename MatrixType::RealScalar > alginfo) is not documented:
  parameter 'alginfo'
/__w/ikarus/ikarus/repo/ikarus/solver/nonlinearsolver/trustregion.hh:201: error: argument 'p_settings' of command @param is not found in the argument list of Ikarus::TrustRegion< NLO, preConditioner, UF >::setup(const Settings &settings)
/__w/ikarus/ikarus/repo/ikarus/solver/nonlinearsolver/trustregion.hh:201: error: The following parameter of Ikarus::TrustRegion::setup(const Settings &settings) is not documented:
  parameter 'settings'
/__w/ikarus/ikarus/repo/ikarus/finiteelements/mechanics/materials/interface.hh:119: error: Found unknown command '\dfrac'
/__w/ikarus/ikarus/repo/ikarus/finiteelements/mechanics/materials/interface.hh:119: error: Found unknown command '\partial'
/__w/ikarus/ikarus/repo/ikarus/finiteelements/mechanics/materials/interface.hh:119: error: Found unknown command '\psi'
/__w/ikarus/ikarus/repo/ikarus/finiteelements/mechanics/materials/interface.hh:119: error: Found unknown command '\partial'
/__w/ikarus/ikarus/repo/ikarus/finiteelements/mechanics/materials/vanishingstrain.hh:75: error: argument 'Eraw' of command @param is not found in the argument list of Ikarus::Materials::VanishingStrain< strainIndexPair, MI >::storedEnergyImpl(const Eigen::MatrixBase< Derived > &E) const
/__w/ikarus/ikarus/repo/ikarus/finiteelements/mechanics/materials/vanishingstrain.hh:75: error: The following parameter of Ikarus::Materials::VanishingStrain::storedEnergyImpl(const Eigen::MatrixBase< Derived > &E) const is not documented:
  parameter 'E'
/__w/ikarus/ikarus/repo/ikarus/finiteelements/mechanics/materials/vanishingstrain.hh:87: error: argument 'Eraw' of command @param is not found in the argument list of Ikarus::Materials::VanishingStrain< strainIndexPair, MI >::stressesImpl(const Eigen::MatrixBase< Derived > &E) const
/__w/ikarus/ikarus/repo/ikarus/finiteelements/mechanics/materials/vanishingstrain.hh:87: error: The following parameter of Ikarus::Materials::VanishingStrain::stressesImpl(const Eigen::MatrixBase< Derived > &E) const is not documented:
  parameter 'E'
/__w/ikarus/ikarus/repo/ikarus/finiteelements/mechanics/materials/interface.hh:119: error: Found unknown command '\dfrac'
/__w/ikarus/ikarus/repo/ikarus/finiteelements/mechanics/materials/interface.hh:119: error: Found unknown command '\partial'
/__w/ikarus/ikarus/repo/ikarus/finiteelements/mechanics/materials/interface.hh:119: error: Found unknown command '\psi'
/__w/ikarus/ikarus/repo/ikarus/finiteelements/mechanics/materials/interface.hh:119: error: Found unknown command '\partial'
/__w/ikarus/ikarus/repo/ikarus/assembler/interface.hh:132: error: The following parameter of Ikarus::FlatAssemblerBase::bind(const FERequirement &req, AffordanceCollectionType affordanceCollection, DBCOption dbcOption=DBCOption::Full) is not documented:
  parameter 'dbcOption'
/__w/ikarus/ikarus/repo/ikarus/io/resultevaluators.hh:32: error: The following parameters of Ikarus::ResultEvaluators::VonMises::operator()(const R &resultArray, const auto &pos, const auto &fe, const int comp) const are not documented:
  parameter 'pos'
  parameter 'fe'
/__w/ikarus/ikarus/repo/ikarus/io/vtkwriter.hh:134: error: The following parameter of Ikarus::Vtk::Writer::addResult(DataTag dataTag=DataTag::asPointData, UserFunction &&userFunction={}) is not documented:
  parameter 'userFunction'
/__w/ikarus/ikarus/repo/ikarus/io/resultfunction.hh:168: error: argument 'assembler' from the argument list of Ikarus::makeResultFunction has multiple @param documentation sections
/__w/ikarus/ikarus/repo/ikarus/utils/tensorutils.hh:54: error: argument 'a_i' of command @param is not found in the argument list of Ikarus::dyadic(const Eigen::Vector< ST, size > &a, const Eigen::Vector< ST, size > &b)
/__w/ikarus/ikarus/repo/ikarus/utils/tensorutils.hh:54: error: argument 'b_j' of command @param is not found in the argument list of Ikarus::dyadic(const Eigen::Vector< ST, size > &a, const Eigen::Vector< ST, size > &b)
/__w/ikarus/ikarus/repo/ikarus/utils/tensorutils.hh:54: error: The following parameters of Ikarus::dyadic(const Eigen::Vector< ST, size > &a, const Eigen::Vector< ST, size > &b) are not documented:
  parameter 'a'
  parameter 'b'
/__w/ikarus/ikarus/repo/ikarus/finiteelements/mechanics/materials/vanishingstrain.hh:173: error: argument 'p_tol' of command @param is not found in the argument list of Ikarus::Materials::makeVanishingStrain(MaterialImpl mat)
/__w/ikarus/ikarus/repo/ikarus/finiteelements/mechanics/materials/vanishingstress.hh:262: error: argument 'p_tol' of command @param is not found in the argument list of Ikarus::Materials::beamMaterial(const MaterialImpl &mat, typename MaterialImpl::ScalarType tol=1e-8)
/__w/ikarus/ikarus/repo/ikarus/finiteelements/mechanics/materials/vanishingstress.hh:262: error: The following parameter of Ikarus::Materials::beamMaterial(const MaterialImpl &mat, typename MaterialImpl::ScalarType tol=1e-8) is not documented:
  parameter 'tol'
/__w/ikarus/ikarus/repo/ikarus/python/finiteelements/fe.hh:26: error: argument 'restultTypesTuple' of command @param is not found in the argument list of Ikarus::Python::registerCalculateAt(pybind11::handle scope, pybind11::class_< FE, options... > cls, auto resultTypesTuple)
/__w/ikarus/ikarus/repo/ikarus/python/finiteelements/fe.hh:26: error: argument 'feRequirements' of command @param is not found in the argument list of Ikarus::Python::registerCalculateAt(pybind11::handle scope, pybind11::class_< FE, options... > cls, auto resultTypesTuple)
/__w/ikarus/ikarus/repo/ikarus/python/finiteelements/fe.hh:26: error: argument 'local' of command @param is not found in the argument list of Ikarus::Python::registerCalculateAt(pybind11::handle scope, pybind11::class_< FE, options... > cls, auto resultTypesTuple)
/__w/ikarus/ikarus/repo/ikarus/python/finiteelements/fe.hh:26: error: argument 'resultType' of command @param is not found in the argument list of Ikarus::Python::registerCalculateAt(pybind11::handle scope, pybind11::class_< FE, options... > cls, auto resultTypesTuple)
/__w/ikarus/ikarus/repo/ikarus/python/finiteelements/fe.hh:26: error: The following parameter of Ikarus::Python::registerCalculateAt(pybind11::handle scope, pybind11::class_< FE, options... > cls, auto resultTypesTuple) is not documented:
  parameter 'resultTypesTuple'
/__w/ikarus/ikarus/repo/ikarus/finiteelements/feresulttypes.hh:103: error: argument 'MaxColsExprexpression' of command @param is not found in the argument list of REGISTER_RESERVED_RESULTTYPE(resultTypeName, rowsExpr, colsExpr, MaxRowsExpr, MaxColsExpr)
/__w/ikarus/ikarus/repo/ikarus/finiteelements/feresulttypes.hh:103: error: The following parameter of REGISTER_RESERVED_RESULTTYPE(resultTypeName, rowsExpr, colsExpr, MaxRowsExpr, MaxColsExpr) is not documented:
  parameter 'MaxColsExpr'
<addMaterialsSubModule>:1: error: argument 'from' of command @param is not found in the argument list of addMaterialsSubModule(pybind11::module &m)
<addMaterialsSubModule>:1: error: argument 'to' of command @param is not found in the argument list of addMaterialsSubModule(pybind11::module &m)
<addMaterialsSubModule>:1: error: argument 'E' of command @param is not found in the argument list of addMaterialsSubModule(pybind11::module &m)
<addMaterialsSubModule>:1: error: The following parameter of addMaterialsSubModule(pybind11::module &m) is not documented:
  parameter 'm'
<addMaterialsSubModule>:1: error: argument 'from' of command @param is not found in the argument list of addMaterialsSubModule(pybind11::module &m)
<addMaterialsSubModule>:1: error: argument 'to' of command @param is not found in the argument list of addMaterialsSubModule(pybind11::module &m)
<addMaterialsSubModule>:1: error: argument 'E' of command @param is not found in the argument list of addMaterialsSubModule(pybind11::module &m)
<addMaterialsSubModule>:1: error: The following parameter of addMaterialsSubModule(pybind11::module &m) is not documented:
  parameter 'm'
/__w/ikarus/ikarus/repo/ikarus/utils/tensorutils.hh:54: error: argument 'a_i' of command @param is not found in the argument list of Ikarus::dyadic(const Eigen::Vector< ST, size > &a, const Eigen::Vector< ST, size > &b)
/__w/ikarus/ikarus/repo/ikarus/utils/tensorutils.hh:54: error: argument 'b_j' of command @param is not found in the argument list of Ikarus::dyadic(const Eigen::Vector< ST, size > &a, const Eigen::Vector< ST, size > &b)
/__w/ikarus/ikarus/repo/ikarus/utils/tensorutils.hh:54: error: The following parameters of Ikarus::dyadic(const Eigen::Vector< ST, size > &a, const Eigen::Vector< ST, size > &b) are not documented:
  parameter 'a'
  parameter 'b'
